2020-11-01 12:39:18.443  WARN 48272 --- [HikariPool-1 housekeeper] com.zaxxer.hikari.pool.HikariPool        : HikariPool-1 - Thread starvation or clock leap detected (housekeeper delta=4h54m42s123ms877µs700ns).
2020-11-01 12:40:38.001  WARN 48272 --- [HikariPool-1 housekeeper] com.zaxxer.hikari.pool.HikariPool        : HikariPool-1 - Thread starvation or clock leap detected (housekeeper delta=1m27s472ms32µs200ns).
2020-11-01 12:41:32.997  INFO 48272 --- [RMI TCP Connection(2)-127.0.0.1] inMXBeanRegistrar$SpringApplicationAdmin : Application shutdown requested.
2020-11-01 12:41:33.017  INFO 48272 --- [RMI TCP Connection(2)-127.0.0.1] o.s.s.concurrent.ThreadPoolTaskExecutor  : Shutting down ExecutorService 'applicationTaskExecutor'
2020-11-01 12:41:33.023  INFO 48272 --- [RMI TCP Connection(2)-127.0.0.1] j.LocalContainerEntityManagerFactoryBean : Closing JPA EntityManagerFactory for persistence unit 'default'
2020-11-01 12:41:33.047  INFO 48272 --- [RMI TCP Connection(2)-127.0.0.1] com.zaxxer.hikari.HikariDataSource       : HikariPool-1 - Shutdown initiated...
2020-11-01 12:41:33.054  INFO 48272 --- [RMI TCP Connection(2)-127.0.0.1] com.zaxxer.hikari.HikariDataSource       : HikariPool-1 - Shutdown completed.
2020-11-01 15:24:36.965  INFO 45704 --- [main] SpringBootCoreDataJpaMvcRest1Application : Starting TimesheetSpringBootCoreDataJpaMvcRest1Application on DESKTOP-CFJCCBA with PID 45704 (C:\Users\kinto\OneDrive\Bureau\sts-bundle\Integration\TimeSheet\target\classes started by kinto in C:\Users\kinto\OneDrive\Bureau\sts-bundle\Integration\TimeSheet)
2020-11-01 15:24:36.969  INFO 45704 --- [main] SpringBootCoreDataJpaMvcRest1Application : No active profile set, falling back to default profiles: default
2020-11-01 15:24:37.830  INFO 45704 --- [main] .s.d.r.c.RepositoryConfigurationDelegate : Bootstrapping Spring Data repositories in DEFAULT mode.
2020-11-01 15:24:37.938  INFO 45704 --- [main] .s.d.r.c.RepositoryConfigurationDelegate : Finished Spring Data repository scanning in 98ms. Found 6 repository interfaces.
2020-11-01 15:24:38.482  INFO 45704 --- [main] trationDelegate$BeanPostProcessorChecker : Bean 'org.springframework.transaction.annotation.ProxyTransactionManagementConfiguration' of type [org.springframework.transaction.annotation.ProxyTransactionManagementConfiguration$$EnhancerBySpringCGLIB$$b17dc540] is not eligible for getting processed by all BeanPostProcessors (for example: not eligible for auto-proxying)
2020-11-01 15:24:38.905  INFO 45704 --- [main] o.s.b.w.embedded.tomcat.TomcatWebServer  : Tomcat initialized with port(s): 8081 (http)
2020-11-01 15:24:38.931  INFO 45704 --- [main] o.apache.catalina.core.StandardService   : Starting service [Tomcat]
2020-11-01 15:24:38.931  INFO 45704 --- [main] org.apache.catalina.core.StandardEngine  : Starting Servlet engine: [Apache Tomcat/9.0.17]
2020-11-01 15:24:39.124  INFO 45704 --- [main] o.a.c.c.C.[.[localhost].[/SpringMVC]     : Initializing Spring embedded WebApplicationContext
2020-11-01 15:24:39.124  INFO 45704 --- [main] o.s.web.context.ContextLoader            : Root WebApplicationContext: initialization completed in 2101 ms
2020-11-01 15:24:39.313  INFO 45704 --- [main] com.zaxxer.hikari.HikariDataSource       : HikariPool-1 - Starting...
2020-11-01 15:24:39.439  INFO 45704 --- [main] com.zaxxer.hikari.HikariDataSource       : HikariPool-1 - Start completed.
2020-11-01 15:24:39.517  INFO 45704 --- [main] o.hibernate.jpa.internal.util.LogHelper  : HHH000204: Processing PersistenceUnitInfo [
	name: default
	...]
2020-11-01 15:24:39.624  INFO 45704 --- [main] org.hibernate.Version                    : HHH000412: Hibernate Core {5.3.9.Final}
2020-11-01 15:24:39.625  INFO 45704 --- [main] org.hibernate.cfg.Environment            : HHH000206: hibernate.properties not found
2020-11-01 15:24:39.783  INFO 45704 --- [main] o.hibernate.annotations.common.Version   : HCANN000001: Hibernate Commons Annotations {5.0.4.Final}
2020-11-01 15:24:39.941  INFO 45704 --- [main] org.hibernate.dialect.Dialect            : HHH000400: Using dialect: org.hibernate.dialect.MySQL5Dialect
2020-11-01 15:24:41.425  INFO 45704 --- [main] j.LocalContainerEntityManagerFactoryBean : Initialized JPA EntityManagerFactory for persistence unit 'default'
2020-11-01 15:24:41.877  INFO 45704 --- [main] o.h.h.i.QueryTranslatorFactoryInitiator  : HHH000397: Using ASTQueryTranslatorFactory
2020-11-01 15:24:42.564  INFO 45704 --- [main] o.s.s.concurrent.ThreadPoolTaskExecutor  : Initializing ExecutorService 'applicationTaskExecutor'
2020-11-01 15:24:42.620  WARN 45704 --- [main] aWebConfiguration$JpaWebMvcConfiguration : spring.jpa.open-in-view is enabled by default. Therefore, database queries may be performed during view rendering. Explicitly configure spring.jpa.open-in-view to disable this warning
2020-11-01 15:24:42.882  INFO 45704 --- [main] o.s.b.w.embedded.tomcat.TomcatWebServer  : Tomcat started on port(s): 8081 (http) with context path '/SpringMVC'
2020-11-01 15:24:42.884  INFO 45704 --- [main] SpringBootCoreDataJpaMvcRest1Application : Started TimesheetSpringBootCoreDataJpaMvcRest1Application in 6.337 seconds (JVM running for 7.25)
2020-11-01 15:25:32.101  INFO 45704 --- [http-nio-8081-exec-1] o.a.c.c.C.[.[localhost].[/SpringMVC]     : Initializing Spring DispatcherServlet 'dispatcherServlet'
2020-11-01 15:25:32.102  INFO 45704 --- [http-nio-8081-exec-1] o.s.web.servlet.DispatcherServlet        : Initializing Servlet 'dispatcherServlet'
2020-11-01 15:25:32.110  INFO 45704 --- [http-nio-8081-exec-1] o.s.web.servlet.DispatcherServlet        : Completed initialization in 8 ms
